<?xml version="1.0" encoding="UTF-8"?>
<!-- Generated by org.testng.reporters.JUnitReportReporter -->
<testsuite hostname="DESKTOP-AT4B50Q" failures="0" tests="2" name="DAY27.LAB_9_4" time="303.222" errors="0" timestamp="2025-08-19T15:39:11 IST" skipped="0">
  <testcase classname="DAY27.LAB_9_4" name="test1" time="279.713"/>
  <testcase classname="DAY27.LAB_9_4" name="test1" time="23.509"/>
</testsuite> <!-- DAY27.LAB_9_4 -->
