<?xml version="1.0" encoding="UTF-8"?>
<!-- Generated by org.testng.reporters.JUnitReportReporter -->
<testsuite hostname="DESKTOP-AT4B50Q" failures="0" tests="2" name="DAY26.TC0012_TestNG" time="51.360" errors="0" timestamp="2025-08-19T15:39:11 IST" skipped="0">
  <testcase classname="DAY26.TC0012_TestNG" name="f" time="18.252"/>
  <testcase classname="DAY26.TC0012_TestNG" name="f" time="33.108"/>
</testsuite> <!-- DAY26.TC0012_TestNG -->
