<?xml version="1.0" encoding="UTF-8"?>
<!-- Generated by org.testng.reporters.JUnitReportReporter -->
<testsuite hostname="DESKTOP-AT4B50Q" failures="0" tests="2" name="DAY26.TC0012_TestNG" time="39.196" errors="0" timestamp="2025-08-18T11:49:23 IST" skipped="0">
  <testcase classname="DAY26.TC0012_TestNG" name="f" time="20.095"/>
  <testcase classname="DAY26.TC0012_TestNG" name="f" time="19.101"/>
</testsuite> <!-- DAY26.TC0012_TestNG -->
